<?xml version="1.0" encoding="UTF-8"?>
<coverage generated="1656769720085" clover="3.2.0">
  <project timestamp="1656769720085" name="All files">
    <metrics statements="77" coveredstatements="55" conditionals="24" coveredconditionals="14" methods="22" coveredmethods="11" elements="123" coveredelements="80" complexity="0" loc="77" ncloc="77" packages="3" files="4" classes="4"/>
    <package name="server">
      <metrics statements="11" coveredstatements="4" conditionals="4" coveredconditionals="1" methods="4" coveredmethods="1"/>
      <file name="helpers.js" path="C:\Users\HP\OneDrive\Documents\Dibimbing FWD\Day 39\backend-test\server\helpers.js">
        <metrics statements="11" coveredstatements="4" conditionals="4" coveredconditionals="1" methods="4" coveredmethods="1"/>
        <line num="2" count="2" type="stmt"/>
        <line num="3" count="2" type="cond" truecount="1" falsecount="1"/>
        <line num="4" count="2" type="stmt"/>
        <line num="6" count="0" type="stmt"/>
        <line num="10" count="0" type="stmt"/>
        <line num="11" count="0" type="cond" truecount="0" falsecount="2"/>
        <line num="12" count="0" type="stmt"/>
        <line num="14" count="0" type="stmt"/>
        <line num="18" count="0" type="stmt"/>
        <line num="19" count="0" type="stmt"/>
        <line num="23" count="1" type="stmt"/>
      </file>
    </package>
    <package name="server.handlers">
      <metrics statements="51" coveredstatements="45" conditionals="9" coveredconditionals="9" methods="9" coveredmethods="7"/>
      <file name="math.js" path="C:\Users\HP\OneDrive\Documents\Dibimbing FWD\Day 39\backend-test\server\handlers\math.js">
        <metrics statements="30" coveredstatements="29" conditionals="5" coveredconditionals="5" methods="5" coveredmethods="5"/>
        <line num="1" count="8" type="stmt"/>
        <line num="3" count="8" type="stmt"/>
        <line num="4" count="4" type="stmt"/>
        <line num="5" count="4" type="stmt"/>
        <line num="6" count="4" type="stmt"/>
        <line num="7" count="3" type="stmt"/>
        <line num="12" count="1" type="stmt"/>
        <line num="17" count="4" type="stmt"/>
        <line num="21" count="8" type="stmt"/>
        <line num="22" count="2" type="stmt"/>
        <line num="23" count="2" type="stmt"/>
        <line num="24" count="2" type="stmt"/>
        <line num="25" count="2" type="stmt"/>
        <line num="30" count="0" type="stmt"/>
        <line num="35" count="2" type="stmt"/>
        <line num="39" count="8" type="stmt"/>
        <line num="40" count="2" type="stmt"/>
        <line num="41" count="2" type="cond" truecount="3" falsecount="0"/>
        <line num="42" count="2" type="stmt"/>
        <line num="46" count="2" type="stmt"/>
        <line num="49" count="8" type="stmt"/>
        <line num="50" count="2" type="stmt"/>
        <line num="51" count="2" type="stmt"/>
        <line num="55" count="2" type="stmt"/>
        <line num="58" count="8" type="stmt"/>
        <line num="59" count="2" type="stmt"/>
        <line num="60" count="2" type="cond" truecount="2" falsecount="0"/>
        <line num="61" count="2" type="stmt"/>
        <line num="65" count="2" type="stmt"/>
        <line num="70" count="8" type="stmt"/>
      </file>
      <file name="merchants.js" path="C:\Users\HP\OneDrive\Documents\Dibimbing FWD\Day 39\backend-test\server\handlers\merchants.js">
        <metrics statements="21" coveredstatements="16" conditionals="4" coveredconditionals="4" methods="4" coveredmethods="2"/>
        <line num="1" count="1" type="stmt"/>
        <line num="2" count="1" type="stmt"/>
        <line num="3" count="1" type="stmt"/>
        <line num="6" count="0" type="stmt"/>
        <line num="9" count="0" type="stmt"/>
        <line num="13" count="2" type="stmt"/>
        <line num="14" count="2" type="stmt"/>
        <line num="20" count="2" type="cond" truecount="2" falsecount="0"/>
        <line num="21" count="1" type="stmt"/>
        <line num="23" count="1" type="stmt"/>
        <line num="28" count="2" type="stmt"/>
        <line num="29" count="2" type="stmt"/>
        <line num="30" count="2" type="stmt"/>
        <line num="31" count="2" type="cond" truecount="2" falsecount="0"/>
        <line num="32" count="1" type="stmt"/>
        <line num="34" count="1" type="stmt"/>
        <line num="41" count="1" type="stmt"/>
        <line num="49" count="0" type="stmt"/>
        <line num="50" count="0" type="stmt"/>
        <line num="55" count="0" type="stmt"/>
        <line num="58" count="1" type="stmt"/>
      </file>
    </package>
    <package name="storage.models">
      <metrics statements="15" coveredstatements="6" conditionals="11" coveredconditionals="4" methods="9" coveredmethods="3"/>
      <file name="math.model.js" path="C:\Users\HP\OneDrive\Documents\Dibimbing FWD\Day 39\backend-test\storage\models\math.model.js">
        <metrics statements="15" coveredstatements="6" conditionals="11" coveredconditionals="4" methods="9" coveredmethods="3"/>
        <line num="2" count="3" type="cond" truecount="2" falsecount="0"/>
        <line num="3" count="1" type="stmt"/>
        <line num="5" count="2" type="cond" truecount="2" falsecount="0"/>
        <line num="9" count="0" type="stmt"/>
        <line num="13" count="0" type="stmt"/>
        <line num="14" count="0" type="cond" truecount="0" falsecount="3"/>
        <line num="18" count="0" type="stmt"/>
        <line num="22" count="0" type="stmt"/>
        <line num="23" count="0" type="cond" truecount="0" falsecount="2"/>
        <line num="27" count="1" type="stmt"/>
        <line num="31" count="1" type="stmt"/>
        <line num="35" count="0" type="stmt"/>
        <line num="39" count="0" type="stmt"/>
        <line num="40" count="0" type="cond" truecount="0" falsecount="2"/>
        <line num="44" count="5" type="stmt"/>
      </file>
    </package>
  </project>
</coverage>
