{"C:\\Users\\HP\\OneDrive\\Documents\\Dibimbing FWD\\Day 39\\backend-test\\server\\helpers.js": {"path":"C:\\Users\\HP\\OneDrive\\Documents\\Dibimbing FWD\\Day 39\\backend-test\\server\\helpers.js","statementMap":{"0":{"start":{"line":2,"column":15},"end":{"line":2,"column":28}},"1":{"start":{"line":3,"column":4},"end":{"line":5,"column":5}},"2":{"start":{"line":4,"column":8},"end":{"line":4,"column":39}},"3":{"start":{"line":6,"column":4},"end":{"line":6,"column":56}},"4":{"start":{"line":10,"column":15},"end":{"line":10,"column":36}},"5":{"start":{"line":11,"column":4},"end":{"line":13,"column":5}},"6":{"start":{"line":12,"column":8},"end":{"line":12,"column":39}},"7":{"start":{"line":14,"column":4},"end":{"line":14,"column":64}},"8":{"start":{"line":18,"column":4},"end":{"line":20,"column":6}},"9":{"start":{"line":19,"column":8},"end":{"line":19,"column":37}},"10":{"start":{"line":23,"column":0},"end":{"line":23,"column":64}}},"fnMap":{"0":{"name":"getIdParam","decl":{"start":{"line":1,"column":9},"end":{"line":1,"column":19}},"loc":{"start":{"line":1,"column":25},"end":{"line":7,"column":1}},"line":1},"1":{"name":"getMerchantIdParam","decl":{"start":{"line":9,"column":9},"end":{"line":9,"column":27}},"loc":{"start":{"line":9,"column":33},"end":{"line":15,"column":1}},"line":9},"2":{"name":"checkError","decl":{"start":{"line":17,"column":9},"end":{"line":17,"column":19}},"loc":{"start":{"line":17,"column":29},"end":{"line":21,"column":1}},"line":17},"3":{"name":"(anonymous_3)","decl":{"start":{"line":18,"column":11},"end":{"line":18,"column":12}},"loc":{"start":{"line":18,"column":37},"end":{"line":20,"column":5}},"line":18}},"branchMap":{"0":{"loc":{"start":{"line":3,"column":4},"end":{"line":5,"column":5}},"type":"if","locations":[{"start":{"line":3,"column":4},"end":{"line":5,"column":5}},{"start":{},"end":{}}],"line":3},"1":{"loc":{"start":{"line":11,"column":4},"end":{"line":13,"column":5}},"type":"if","locations":[{"start":{"line":11,"column":4},"end":{"line":13,"column":5}},{"start":{},"end":{}}],"line":11}},"s":{"0":2,"1":2,"2":2,"3":0,"4":0,"5":0,"6":0,"7":0,"8":0,"9":0,"10":1},"f":{"0":2,"1":0,"2":0,"3":0},"b":{"0":[2,0],"1":[0,0]},"_coverageSchema":"1a1c01bbd47fc00a2c39e90264f33305004495a9","hash":"7a02d5d5c6cc15a0902cbe0eec1ac47d337a0bc8"}
,"C:\\Users\\HP\\OneDrive\\Documents\\Dibimbing FWD\\Day 39\\backend-test\\server\\handlers\\math.js": {"path":"C:\\Users\\HP\\OneDrive\\Documents\\Dibimbing FWD\\Day 39\\backend-test\\server\\handlers\\math.js","statementMap":{"0":{"start":{"line":1,"column":18},"end":{"line":1,"column":60}},"1":{"start":{"line":3,"column":21},"end":{"line":19,"column":1}},"2":{"start":{"line":4,"column":18},"end":{"line":4,"column":26}},"3":{"start":{"line":5,"column":4},"end":{"line":18,"column":5}},"4":{"start":{"line":6,"column":23},"end":{"line":6,"column":54}},"5":{"start":{"line":7,"column":8},"end":{"line":10,"column":11}},"6":{"start":{"line":12,"column":8},"end":{"line":15,"column":11}},"7":{"start":{"line":17,"column":8},"end":{"line":17,"column":18}},"8":{"start":{"line":21,"column":12},"end":{"line":37,"column":1}},"9":{"start":{"line":22,"column":21},"end":{"line":22,"column":29}},"10":{"start":{"line":23,"column":4},"end":{"line":36,"column":5}},"11":{"start":{"line":24,"column":23},"end":{"line":24,"column":48}},"12":{"start":{"line":25,"column":8},"end":{"line":28,"column":11}},"13":{"start":{"line":30,"column":8},"end":{"line":33,"column":11}},"14":{"start":{"line":35,"column":8},"end":{"line":35,"column":18}},"15":{"start":{"line":39,"column":17},"end":{"line":47,"column":1}},"16":{"start":{"line":40,"column":4},"end":{"line":40,"column":35}},"17":{"start":{"line":41,"column":19},"end":{"line":41,"column":76}},"18":{"start":{"line":42,"column":4},"end":{"line":45,"column":7}},"19":{"start":{"line":46,"column":4},"end":{"line":46,"column":14}},"20":{"start":{"line":49,"column":16},"end":{"line":56,"column":1}},"21":{"start":{"line":50,"column":19},"end":{"line":50,"column":44}},"22":{"start":{"line":51,"column":4},"end":{"line":54,"column":7}},"23":{"start":{"line":55,"column":4},"end":{"line":55,"column":14}},"24":{"start":{"line":58,"column":18},"end":{"line":66,"column":1}},"25":{"start":{"line":59,"column":17},"end":{"line":59,"column":27}},"26":{"start":{"line":60,"column":19},"end":{"line":60,"column":61}},"27":{"start":{"line":61,"column":4},"end":{"line":64,"column":7}},"28":{"start":{"line":65,"column":4},"end":{"line":65,"column":14}},"29":{"start":{"line":70,"column":0},"end":{"line":76,"column":2}}},"fnMap":{"0":{"name":"(anonymous_0)","decl":{"start":{"line":3,"column":21},"end":{"line":3,"column":22}},"loc":{"start":{"line":3,"column":41},"end":{"line":19,"column":1}},"line":3},"1":{"name":"(anonymous_1)","decl":{"start":{"line":21,"column":12},"end":{"line":21,"column":13}},"loc":{"start":{"line":21,"column":32},"end":{"line":37,"column":1}},"line":21},"2":{"name":"(anonymous_2)","decl":{"start":{"line":39,"column":17},"end":{"line":39,"column":18}},"loc":{"start":{"line":39,"column":37},"end":{"line":47,"column":1}},"line":39},"3":{"name":"(anonymous_3)","decl":{"start":{"line":49,"column":16},"end":{"line":49,"column":17}},"loc":{"start":{"line":49,"column":36},"end":{"line":56,"column":1}},"line":49},"4":{"name":"(anonymous_4)","decl":{"start":{"line":58,"column":18},"end":{"line":58,"column":19}},"loc":{"start":{"line":58,"column":38},"end":{"line":66,"column":1}},"line":58}},"branchMap":{"0":{"loc":{"start":{"line":41,"column":19},"end":{"line":41,"column":76}},"type":"binary-expr","locations":[{"start":{"line":41,"column":19},"end":{"line":41,"column":34}},{"start":{"line":41,"column":39},"end":{"line":41,"column":55}},{"start":{"line":41,"column":59},"end":{"line":41,"column":75}}],"line":41},"1":{"loc":{"start":{"line":60,"column":19},"end":{"line":60,"column":61}},"type":"binary-expr","locations":[{"start":{"line":60,"column":19},"end":{"line":60,"column":38}},{"start":{"line":60,"column":42},"end":{"line":60,"column":61}}],"line":60}},"s":{"0":8,"1":8,"2":4,"3":4,"4":4,"5":3,"6":1,"7":4,"8":8,"9":2,"10":2,"11":2,"12":2,"13":0,"14":2,"15":8,"16":2,"17":2,"18":2,"19":2,"20":8,"21":2,"22":2,"23":2,"24":8,"25":2,"26":2,"27":2,"28":2,"29":8},"f":{"0":4,"1":2,"2":2,"3":2,"4":2},"b":{"0":[2,1,1],"1":[2,1]},"_coverageSchema":"1a1c01bbd47fc00a2c39e90264f33305004495a9","hash":"3cdf1facfd91a4a1501ba8ad5a68c4d5bfe7ae93"}
,"C:\\Users\\HP\\OneDrive\\Documents\\Dibimbing FWD\\Day 39\\backend-test\\server\\handlers\\merchants.js": {"path":"C:\\Users\\HP\\OneDrive\\Documents\\Dibimbing FWD\\Day 39\\backend-test\\server\\handlers\\merchants.js","statementMap":{"0":{"start":{"line":1,"column":19},"end":{"line":1,"column":43}},"1":{"start":{"line":2,"column":23},"end":{"line":2,"column":44}},"2":{"start":{"line":3,"column":15},"end":{"line":3,"column":32}},"3":{"start":{"line":6,"column":22},"end":{"line":8,"column":6}},"4":{"start":{"line":9,"column":4},"end":{"line":9,"column":36}},"5":{"start":{"line":13,"column":15},"end":{"line":13,"column":30}},"6":{"start":{"line":14,"column":21},"end":{"line":19,"column":6}},"7":{"start":{"line":20,"column":4},"end":{"line":24,"column":5}},"8":{"start":{"line":21,"column":8},"end":{"line":21,"column":39}},"9":{"start":{"line":23,"column":8},"end":{"line":23,"column":48}},"10":{"start":{"line":28,"column":54},"end":{"line":28,"column":62}},"11":{"start":{"line":29,"column":17},"end":{"line":29,"column":39}},"12":{"start":{"line":30,"column":27},"end":{"line":30,"column":60}},"13":{"start":{"line":31,"column":4},"end":{"line":44,"column":5}},"14":{"start":{"line":32,"column":8},"end":{"line":32,"column":122}},"15":{"start":{"line":34,"column":8},"end":{"line":40,"column":11}},"16":{"start":{"line":41,"column":8},"end":{"line":43,"column":11}},"17":{"start":{"line":49,"column":15},"end":{"line":49,"column":30}},"18":{"start":{"line":50,"column":4},"end":{"line":54,"column":7}},"19":{"start":{"line":55,"column":4},"end":{"line":55,"column":47}},"20":{"start":{"line":58,"column":0},"end":{"line":63,"column":2}}},"fnMap":{"0":{"name":"getAll","decl":{"start":{"line":5,"column":15},"end":{"line":5,"column":21}},"loc":{"start":{"line":5,"column":32},"end":{"line":10,"column":1}},"line":5},"1":{"name":"getById","decl":{"start":{"line":12,"column":15},"end":{"line":12,"column":22}},"loc":{"start":{"line":12,"column":33},"end":{"line":25,"column":1}},"line":12},"2":{"name":"create","decl":{"start":{"line":27,"column":15},"end":{"line":27,"column":21}},"loc":{"start":{"line":27,"column":32},"end":{"line":45,"column":1}},"line":27},"3":{"name":"remove","decl":{"start":{"line":48,"column":15},"end":{"line":48,"column":21}},"loc":{"start":{"line":48,"column":32},"end":{"line":56,"column":1}},"line":48}},"branchMap":{"0":{"loc":{"start":{"line":20,"column":4},"end":{"line":24,"column":5}},"type":"if","locations":[{"start":{"line":20,"column":4},"end":{"line":24,"column":5}},{"start":{"line":22,"column":11},"end":{"line":24,"column":5}}],"line":20},"1":{"loc":{"start":{"line":31,"column":4},"end":{"line":44,"column":5}},"type":"if","locations":[{"start":{"line":31,"column":4},"end":{"line":44,"column":5}},{"start":{"line":33,"column":11},"end":{"line":44,"column":5}}],"line":31}},"s":{"0":1,"1":1,"2":1,"3":0,"4":0,"5":2,"6":2,"7":2,"8":1,"9":1,"10":2,"11":2,"12":2,"13":2,"14":1,"15":1,"16":1,"17":0,"18":0,"19":0,"20":1},"f":{"0":0,"1":2,"2":2,"3":0},"b":{"0":[1,1],"1":[1,1]},"_coverageSchema":"1a1c01bbd47fc00a2c39e90264f33305004495a9","hash":"f3fdc8f7cb6039e5a9302e0618da374c3d3bef77"}
,"C:\\Users\\HP\\OneDrive\\Documents\\Dibimbing FWD\\Day 39\\backend-test\\storage\\models\\math.model.js": {"path":"C:\\Users\\HP\\OneDrive\\Documents\\Dibimbing FWD\\Day 39\\backend-test\\storage\\models\\math.model.js","statementMap":{"0":{"start":{"line":2,"column":4},"end":{"line":4,"column":5}},"1":{"start":{"line":3,"column":8},"end":{"line":3,"column":45}},"2":{"start":{"line":5,"column":4},"end":{"line":5,"column":42}},"3":{"start":{"line":9,"column":4},"end":{"line":9,"column":35}},"4":{"start":{"line":13,"column":17},"end":{"line":13,"column":34}},"5":{"start":{"line":14,"column":4},"end":{"line":14,"column":69}},"6":{"start":{"line":18,"column":4},"end":{"line":18,"column":22}},"7":{"start":{"line":22,"column":17},"end":{"line":22,"column":32}},"8":{"start":{"line":23,"column":4},"end":{"line":23,"column":54}},"9":{"start":{"line":27,"column":4},"end":{"line":27,"column":17}},"10":{"start":{"line":31,"column":4},"end":{"line":31,"column":13}},"11":{"start":{"line":35,"column":4},"end":{"line":35,"column":36}},"12":{"start":{"line":39,"column":17},"end":{"line":39,"column":33}},"13":{"start":{"line":40,"column":4},"end":{"line":40,"column":39}},"14":{"start":{"line":44,"column":0},"end":{"line":54,"column":2}}},"fnMap":{"0":{"name":"checkOddEven","decl":{"start":{"line":1,"column":9},"end":{"line":1,"column":21}},"loc":{"start":{"line":1,"column":27},"end":{"line":6,"column":1}},"line":1},"1":{"name":"getCurrentYearr","decl":{"start":{"line":8,"column":9},"end":{"line":8,"column":24}},"loc":{"start":{"line":8,"column":27},"end":{"line":10,"column":1}},"line":8},"2":{"name":"leapYear","decl":{"start":{"line":12,"column":9},"end":{"line":12,"column":17}},"loc":{"start":{"line":12,"column":20},"end":{"line":15,"column":1}},"line":12},"3":{"name":"getCurrentDay","decl":{"start":{"line":17,"column":9},"end":{"line":17,"column":22}},"loc":{"start":{"line":17,"column":25},"end":{"line":19,"column":1}},"line":17},"4":{"name":"isWeekend","decl":{"start":{"line":21,"column":9},"end":{"line":21,"column":18}},"loc":{"start":{"line":21,"column":21},"end":{"line":24,"column":1}},"line":21},"5":{"name":"sum","decl":{"start":{"line":26,"column":9},"end":{"line":26,"column":12}},"loc":{"start":{"line":26,"column":19},"end":{"line":28,"column":1}},"line":26},"6":{"name":"getZero","decl":{"start":{"line":30,"column":9},"end":{"line":30,"column":16}},"loc":{"start":{"line":30,"column":19},"end":{"line":32,"column":1}},"line":30},"7":{"name":"getCurrentYear","decl":{"start":{"line":34,"column":9},"end":{"line":34,"column":23}},"loc":{"start":{"line":34,"column":26},"end":{"line":36,"column":1}},"line":34},"8":{"name":"is21Century","decl":{"start":{"line":38,"column":9},"end":{"line":38,"column":20}},"loc":{"start":{"line":38,"column":24},"end":{"line":41,"column":1}},"line":38}},"branchMap":{"0":{"loc":{"start":{"line":2,"column":4},"end":{"line":4,"column":5}},"type":"if","locations":[{"start":{"line":2,"column":4},"end":{"line":4,"column":5}},{"start":{},"end":{}}],"line":2},"1":{"loc":{"start":{"line":5,"column":11},"end":{"line":5,"column":41}},"type":"cond-expr","locations":[{"start":{"line":5,"column":27},"end":{"line":5,"column":33}},{"start":{"line":5,"column":36},"end":{"line":5,"column":41}}],"line":5},"2":{"loc":{"start":{"line":14,"column":11},"end":{"line":14,"column":68}},"type":"binary-expr","locations":[{"start":{"line":14,"column":11},"end":{"line":14,"column":26}},{"start":{"line":14,"column":31},"end":{"line":14,"column":47}},{"start":{"line":14,"column":51},"end":{"line":14,"column":67}}],"line":14},"3":{"loc":{"start":{"line":23,"column":11},"end":{"line":23,"column":53}},"type":"binary-expr","locations":[{"start":{"line":23,"column":11},"end":{"line":23,"column":30}},{"start":{"line":23,"column":34},"end":{"line":23,"column":53}}],"line":23},"4":{"loc":{"start":{"line":40,"column":11},"end":{"line":40,"column":38}},"type":"binary-expr","locations":[{"start":{"line":40,"column":11},"end":{"line":40,"column":23}},{"start":{"line":40,"column":27},"end":{"line":40,"column":38}}],"line":40}},"s":{"0":3,"1":1,"2":2,"3":0,"4":0,"5":0,"6":0,"7":0,"8":0,"9":1,"10":1,"11":0,"12":0,"13":0,"14":5},"f":{"0":3,"1":0,"2":0,"3":0,"4":0,"5":1,"6":1,"7":0,"8":0},"b":{"0":[1,2],"1":[1,1],"2":[0,0,0],"3":[0,0],"4":[0,0]},"_coverageSchema":"1a1c01bbd47fc00a2c39e90264f33305004495a9","hash":"a8f9262d1029ffd3adef71e9bdeeec3fcbc2db75"}
}
