TN:
SF:server\helpers.js
FN:1,getIdParam
FN:9,getMerchantIdParam
FN:17,checkError
FN:18,(anonymous_3)
FNF:4
FNH:1
FNDA:2,getIdParam
FNDA:0,getMerchantIdParam
FNDA:0,checkError
FNDA:0,(anonymous_3)
DA:2,2
DA:3,2
DA:4,2
DA:6,0
DA:10,0
DA:11,0
DA:12,0
DA:14,0
DA:18,0
DA:19,0
DA:23,1
LF:11
LH:4
BRDA:3,0,0,2
BRDA:3,0,1,0
BRDA:11,1,0,0
BRDA:11,1,1,0
BRF:4
BRH:1
end_of_record
TN:
SF:server\handlers\math.js
FN:3,(anonymous_0)
FN:21,(anonymous_1)
FN:39,(anonymous_2)
FN:49,(anonymous_3)
FN:58,(anonymous_4)
FNF:5
FNH:5
FNDA:4,(anonymous_0)
FNDA:2,(anonymous_1)
FNDA:2,(anonymous_2)
FNDA:2,(anonymous_3)
FNDA:2,(anonymous_4)
DA:1,8
DA:3,8
DA:4,4
DA:5,4
DA:6,4
DA:7,3
DA:12,1
DA:17,4
DA:21,8
DA:22,2
DA:23,2
DA:24,2
DA:25,2
DA:30,0
DA:35,2
DA:39,8
DA:40,2
DA:41,2
DA:42,2
DA:46,2
DA:49,8
DA:50,2
DA:51,2
DA:55,2
DA:58,8
DA:59,2
DA:60,2
DA:61,2
DA:65,2
DA:70,8
LF:30
LH:29
BRDA:41,0,0,2
BRDA:41,0,1,1
BRDA:41,0,2,1
BRDA:60,1,0,2
BRDA:60,1,1,1
BRF:5
BRH:5
end_of_record
TN:
SF:server\handlers\merchants.js
FN:5,getAll
FN:12,getById
FN:27,create
FN:48,remove
FNF:4
FNH:2
FNDA:0,getAll
FNDA:2,getById
FNDA:2,create
FNDA:0,remove
DA:1,1
DA:2,1
DA:3,1
DA:6,0
DA:9,0
DA:13,2
DA:14,2
DA:20,2
DA:21,1
DA:23,1
DA:28,2
DA:29,2
DA:30,2
DA:31,2
DA:32,1
DA:34,1
DA:41,1
DA:49,0
DA:50,0
DA:55,0
DA:58,1
LF:21
LH:16
BRDA:20,0,0,1
BRDA:20,0,1,1
BRDA:31,1,0,1
BRDA:31,1,1,1
BRF:4
BRH:4
end_of_record
TN:
SF:storage\models\math.model.js
FN:1,checkOddEven
FN:8,getCurrentYearr
FN:12,leapYear
FN:17,getCurrentDay
FN:21,isWeekend
FN:26,sum
FN:30,getZero
FN:34,getCurrentYear
FN:38,is21Century
FNF:9
FNH:3
FNDA:3,checkOddEven
FNDA:0,getCurrentYearr
FNDA:0,leapYear
FNDA:0,getCurrentDay
FNDA:0,isWeekend
FNDA:1,sum
FNDA:1,getZero
FNDA:0,getCurrentYear
FNDA:0,is21Century
DA:2,3
DA:3,1
DA:5,2
DA:9,0
DA:13,0
DA:14,0
DA:18,0
DA:22,0
DA:23,0
DA:27,1
DA:31,1
DA:35,0
DA:39,0
DA:40,0
DA:44,5
LF:15
LH:6
BRDA:2,0,0,1
BRDA:2,0,1,2
BRDA:5,1,0,1
BRDA:5,1,1,1
BRDA:14,2,0,0
BRDA:14,2,1,0
BRDA:14,2,2,0
BRDA:23,3,0,0
BRDA:23,3,1,0
BRDA:40,4,0,0
BRDA:40,4,1,0
BRF:11
BRH:4
end_of_record
